<?xml version="1.0" encoding="UTF-8"?>
<robot generator="Robot 7.1.1 (Python 3.13.0 on win32)" generated="2024-10-30T22:44:35.764199" rpa="false" schemaversion="5">
<suite id="s1" name="Test" source="C:\Users\hugoc\Documents\VSCode Folder\Robot\test.robot">
<test id="s1-t1" name="Navigation" line="9">
<kw name="Open Browser" owner="SeleniumLibrary">
<msg time="2024-10-30T22:44:35.893090" level="INFO">Opening browser 'chrome' to base url 'https://orange.fr'.</msg>
<arg>${URL}</arg>
<arg>chrome</arg>
<arg>executable_path=${CHROME_PATH}</arg>
<doc>Opens a new browser instance to the optional ``url``.</doc>
<status status="PASS" start="2024-10-30T22:44:35.892873" elapsed="3.331255"/>
</kw>
<kw name="Sleep" owner="BuiltIn">
<msg time="2024-10-30T22:44:44.226933" level="INFO">Slept 5 seconds.</msg>
<arg>5</arg>
<doc>Pauses the test executed for the given time.</doc>
<status status="PASS" start="2024-10-30T22:44:39.225999" elapsed="5.001632"/>
</kw>
<kw name="Close Browser" owner="SeleniumLibrary">
<doc>Closes the current browser.</doc>
<status status="PASS" start="2024-10-30T22:44:44.229444" elapsed="2.153281"/>
</kw>
<doc>Ouvre la page web d'orange</doc>
<status status="PASS" start="2024-10-30T22:44:35.892198" elapsed="10.491807"/>
</test>
<status status="PASS" start="2024-10-30T22:44:35.765259" elapsed="10.621436"/>
</suite>
<statistics>
<total>
<stat pass="1" fail="0" skip="0">All Tests</stat>
</total>
<tag>
</tag>
<suite>
<stat pass="1" fail="0" skip="0" id="s1" name="Test">Test</stat>
</suite>
</statistics>
<errors>
</errors>
</robot>
